Removed Pin From Net: NetName=PD6 Pin=J2-1
Removed Pin From Net: NetName=PB0 Pin=J2-2
Removed Pin From Net: NetName=PB1 Pin=J2-3
Removed Pin From Net: NetName=PB2 Pin=J2-4
Removed Pin From Net: NetName=PB3 Pin=J2-5
Removed Pin From Net: NetName=PB4 Pin=J2-6
Removed Pin From Net: NetName=MOSI Pin=J2-7
Removed Pin From Net: NetName=MOSI Pin=J2-8
Removed Pin From Net: NetName=SCL Pin=J2-9
Removed Pin From Net: NetName=PD5 Pin=J3-1
Removed Pin From Net: NetName=PD4 Pin=J3-2
Removed Pin From Net: NetName=PD3 Pin=J3-3
Removed Pin From Net: NetName=PD2 Pin=J3-4
Removed Pin From Net: NetName=PD1 Pin=J3-5
Removed Pin From Net: NetName=PD0 Pin=J3-6
Removed Pin From Net: NetName=PA0 Pin=J3-7
Removed Pin From Net: NetName=PA1 Pin=J3-8
Removed Pin From Net: NetName=RESET Pin=J3-9
Change Component Footprint: Designator=U1 Old Footprint=20P3 New Footprint=20P3
Added Pin To Net: NetName=RESET Pin=J2-1
Added Pin To Net: NetName=PD0 Pin=J2-2
Added Pin To Net: NetName=PD1 Pin=J2-3
Added Pin To Net: NetName=PA1 Pin=J2-4
Added Pin To Net: NetName=PA0 Pin=J2-5
Added Pin To Net: NetName=PD2 Pin=J2-6
Added Pin To Net: NetName=PD3 Pin=J2-7
Added Pin To Net: NetName=PD4 Pin=J2-8
Added Pin To Net: NetName=PD5 Pin=J2-9
Added Pin To Net: NetName=PD6 Pin=J3-1
Added Pin To Net: NetName=PB0 Pin=J3-2
Added Pin To Net: NetName=PB1 Pin=J3-3
Added Pin To Net: NetName=PB2 Pin=J3-4
Added Pin To Net: NetName=PB3 Pin=J3-5
Added Pin To Net: NetName=PB4 Pin=J3-6
Added Pin To Net: NetName=MOSI Pin=J3-7
Added Pin To Net: NetName=MISO Pin=J3-8
Added Pin To Net: NetName=SCL Pin=J3-9
